dbug: Microsoft.AspNetCore.Hosting.Internal.WebHost[3]
      Hosting starting
dbug: Microsoft.AspNetCore.DataProtection.KeyManagement.XmlKeyManager[18]
      Found key {2ef1f724-c380-4a9b-8e56-a82a618c9d4d}.
dbug: Microsoft.AspNetCore.DataProtection.KeyManagement.DefaultKeyResolver[13]
      Considering key {2ef1f724-c380-4a9b-8e56-a82a618c9d4d} with expiration date 2019-08-09 04:44:41Z as default key.
dbug: Microsoft.AspNetCore.DataProtection.TypeForwardingActivator[0]
      Forwarded activator type request from Microsoft.AspNetCore.DataProtection.AuthenticatedEncryption.ConfigurationModel.AuthenticatedEncryptorDescriptorDeserializer, Microsoft.AspNetCore.DataProtection, Version=2.2.0.0, Culture=neutral, PublicKeyToken=adb9793829ddae60 to Microsoft.AspNetCore.DataProtection.AuthenticatedEncryption.ConfigurationModel.AuthenticatedEncryptorDescriptorDeserializer, Microsoft.AspNetCore.DataProtection, Culture=neutral, PublicKeyToken=adb9793829ddae60
dbug: Microsoft.AspNetCore.DataProtection.AuthenticatedEncryption.CngCbcAuthenticatedEncryptorFactory[4]
      Opening CNG algorithm 'AES' from provider '(null)' with chaining mode CBC.
dbug: Microsoft.AspNetCore.DataProtection.AuthenticatedEncryption.CngCbcAuthenticatedEncryptorFactory[3]
      Opening CNG algorithm 'SHA256' from provider '(null)' with HMAC.
dbug: Microsoft.AspNetCore.DataProtection.KeyManagement.KeyRingProvider[2]
      Using key {2ef1f724-c380-4a9b-8e56-a82a618c9d4d} as the default key.
dbug: Microsoft.AspNetCore.DataProtection.Internal.DataProtectionStartupFilter[0]
      Key ring with default key {2ef1f724-c380-4a9b-8e56-a82a618c9d4d} was loaded during application startup.
dbug: Microsoft.AspNetCore.Mvc.MvcJsonOptions[0]
      Compatibility switch AllowInputFormatterExceptionMessages in type MvcJsonOptions is using compatibility value True for version Version_2_2
dbug: Microsoft.AspNetCore.Mvc.MvcOptions[0]
      Compatibility switch AllowCombiningAuthorizeFilters in type MvcOptions is using compatibility value True for version Version_2_2
dbug: Microsoft.AspNetCore.Mvc.MvcOptions[0]
      Compatibility switch AllowBindingHeaderValuesToNonStringModelTypes in type MvcOptions is using compatibility value True for version Version_2_2
dbug: Microsoft.AspNetCore.Mvc.MvcOptions[0]
      Compatibility switch AllowValidatingTopLevelNodes in type MvcOptions is using compatibility value True for version Version_2_2
dbug: Microsoft.AspNetCore.Mvc.MvcOptions[0]
      Compatibility switch InputFormatterExceptionPolicy in type MvcOptions is using compatibility value MalformedInputExceptions for version Version_2_2
dbug: Microsoft.AspNetCore.Mvc.MvcOptions[0]
      Compatibility switch SuppressBindingUndefinedValueToEnumType in type MvcOptions is using compatibility value True for version Version_2_2
dbug: Microsoft.AspNetCore.Mvc.MvcOptions[0]
      Compatibility switch EnableEndpointRouting in type MvcOptions is using compatibility value True for version Version_2_2
dbug: Microsoft.AspNetCore.Mvc.MvcOptions[0]
      Compatibility switch MaxValidationDepth in type MvcOptions is using compatibility value 32 for version Version_2_2
dbug: Microsoft.AspNetCore.Mvc.MvcOptions[0]
      Compatibility switch AllowShortCircuitingValidationWhenNoValidatorsArePresent in type MvcOptions is using compatibility value True for version Version_2_2
dbug: Microsoft.AspNetCore.Mvc.ApiBehaviorOptions[0]
      Compatibility switch SuppressMapClientErrors in type ApiBehaviorOptions is using default value False
dbug: Microsoft.AspNetCore.Mvc.ApiBehaviorOptions[0]
      Compatibility switch SuppressUseValidationProblemDetailsForInvalidModelStateResponses in type ApiBehaviorOptions is using default value False
dbug: Microsoft.AspNetCore.Mvc.ApiBehaviorOptions[0]
      Compatibility switch AllowInferringBindingSourceForCollectionTypesAsFromQuery in type ApiBehaviorOptions is using default value False
dbug: Microsoft.AspNetCore.Mvc.RazorPages.RazorPagesOptions[0]
      Compatibility switch AllowAreas in type RazorPagesOptions is using compatibility value True for version Version_2_2
dbug: Microsoft.AspNetCore.Mvc.RazorPages.RazorPagesOptions[0]
      Compatibility switch AllowMappingHeadRequestsToGetHandler in type RazorPagesOptions is using compatibility value True for version Version_2_2
dbug: Microsoft.AspNetCore.Mvc.RazorPages.RazorPagesOptions[0]
      Compatibility switch AllowDefaultHandlingForOptionsRequests in type RazorPagesOptions is using compatibility value True for version Version_2_2
dbug: Microsoft.AspNetCore.Mvc.Razor.RazorViewEngineOptions[0]
      Compatibility switch AllowRecompilingViewsOnFileChange in type RazorViewEngineOptions is using explicitly configured value True
dbug: Microsoft.AspNetCore.Mvc.MvcViewOptions[0]
      Compatibility switch SuppressTempDataAttributePrefix in type MvcViewOptions is using compatibility value True for version Version_2_2
dbug: Microsoft.AspNetCore.Mvc.MvcViewOptions[0]
      Compatibility switch AllowRenderingMaxLengthAttribute in type MvcViewOptions is using compatibility value True for version Version_2_2
dbug: Microsoft.AspNetCore.Mvc.ModelBinding.ModelBinderFactory[12]
      Registered model binder providers, in the following order: Microsoft.AspNetCore.Mvc.ModelBinding.Binders.BinderTypeModelBinderProvider, Microsoft.AspNetCore.Mvc.ModelBinding.Binders.ServicesModelBinderProvider, Microsoft.AspNetCore.Mvc.ModelBinding.Binders.BodyModelBinderProvider, Microsoft.AspNetCore.Mvc.ModelBinding.Binders.HeaderModelBinderProvider, Microsoft.AspNetCore.Mvc.ModelBinding.Binders.FloatingPointTypeModelBinderProvider, Microsoft.AspNetCore.Mvc.ModelBinding.Binders.EnumTypeModelBinderProvider, Microsoft.AspNetCore.Mvc.ModelBinding.Binders.SimpleTypeModelBinderProvider, Microsoft.AspNetCore.Mvc.ModelBinding.Binders.CancellationTokenModelBinderProvider, Microsoft.AspNetCore.Mvc.ModelBinding.Binders.ByteArrayModelBinderProvider, Microsoft.AspNetCore.Mvc.ModelBinding.Binders.FormFileModelBinderProvider, Microsoft.AspNetCore.Mvc.ModelBinding.Binders.FormCollectionModelBinderProvider, Microsoft.AspNetCore.Mvc.ModelBinding.Binders.KeyValuePairModelBinderProvider, Microsoft.AspNetCore.Mvc.ModelBinding.Binders.DictionaryModelBinderProvider, Microsoft.AspNetCore.Mvc.ModelBinding.Binders.ArrayModelBinderProvider, Microsoft.AspNetCore.Mvc.ModelBinding.Binders.CollectionModelBinderProvider, Microsoft.AspNetCore.Mvc.ModelBinding.Binders.ComplexTypeModelBinderProvider
dbug: Microsoft.AspNetCore.Server.Kestrel.Core.KestrelServer[2]
      Failed to locate the development https certificate at '(null)'.
dbug: Microsoft.AspNetCore.Server.Kestrel.Core.KestrelServer[0]
      Using development certificate: CN=localhost (Thumbprint: B7882D99C66404D5FEC192805F4867DB41C5FAC2)
Hosting environment: Development
Content root path: C:\Users\Daniel\projects\omegapoint\azure-dp-conf\Host
Now listening on: https://localhost:5001
Now listening on: http://localhost:5000
Application started. Press Ctrl+C to shut down.
dbug: Microsoft.AspNetCore.Hosting.Internal.WebHost[4]
      Hosting started
dbug: Microsoft.AspNetCore.Hosting.Internal.WebHost[0]
      Loaded hosting startup assembly Host